Команды пиратов отправляются исследовать остров.
Команда пиратов 0 исследует остров...
Команда пиратов 1 исследует остров...
Команда пиратов 1 исследует клетку [0 1] (.) в течение 1 секунды
Команда пиратов 3 исследует остров...
Команда пиратов 3 исследует клетку [0 2] (.) в течение 1 секунды
Команда пиратов 0 исследует клетку [0 0] (.) в течение 1 секунды
Команда пиратов 2 исследует остров...
Команда пиратов 2 исследует клетку [0 3] (.) в течение 1 секунды
Команда пиратов 4 исследует остров...
Команда пиратов 4 исследует клетку [0 4] (X) в течение 1 секунды
Команда пиратов 3 исследует клетку [1 0] (.) в течение 1 секунды
Команда пиратов 1 исследует клетку [1 1] (X) в течение 1 секунды
Команда пиратов 2 исследует клетку [1 2] (X) в течение 1 секунды
Команда пиратов 0 исследует клетку [1 3] (.) в течение 1 секунды
Команда пиратов 4 исследует клетку [1 4] (.) в течение 1 секунды
Команда пиратов 3 исследует клетку [2 0] (.) в течение 1 секунды
Команда пиратов 1 исследует клетку [2 1] (X) в течение 1 секунды
Команда пиратов 2 исследует клетку [2 3] (.) в течение 1 секунды
Команда пиратов 0 исследует клетку [2 2] (X) в течение 1 секунды
Команда пиратов 4 исследует клетку [2 4] (.) в течение 1 секунды
Команда пиратов 3 исследует клетку [3 0] (.) в течение 1 секунды
Команда пиратов 1 исследует клетку [3 1] (X) в течение 1 секунды
Команда пиратов 2 исследует клетку [3 2] (X) в течение 1 секунды
Команда пиратов 0 исследует клетку [3 3] (X) в течение 1 секунды
Команда пиратов 4 исследует клетку [3 4] (.) в течение 1 секунды
Команда пиратов 3 исследует клетку [4 0] (.) в течение 1 секунды
Команда пиратов 1 исследует клетку [4 1] (X) в течение 1 секунды
Команда пиратов 2 исследует клетку [4 2] (.) в течение 1 секунды
Команда пиратов 4 исследует клетку [4 3] (.) в течение 1 секунды
Команда пиратов 0 исследует клетку [4 4] (.) в течение 1 секунды
Команда пиратов 3 закончила исследование острова.
Команда пиратов 2 закончила исследование острова.
Команда пиратов 1 закончила исследование острова.
Команда пиратов 4 закончила исследование острова.
Команда пиратов 0 закончила исследование острова.
Сокровищ найдено: 9 шт.
Сокровище 1: (0, 4)
Сокровище 2: (1, 1)
Сокровище 3: (1, 2)
Сокровище 4: (2, 1)
Сокровище 5: (2, 2)
Сокровище 6: (3, 1)
Сокровище 7: (3, 2)
Сокровище 8: (3, 3)
Сокровище 9: (4, 1)