Команды пиратов отправляются исследовать остров.
Команда пиратов 0 исследует остров...
Команда пиратов 1 исследует остров...
Команда пиратов 1 закончила исследование острова.
Команда пиратов 3 исследует остров...
Команда пиратов 3 закончила исследование острова.
Команда пиратов 9 исследует остров...
Команда пиратов 9 закончила исследование острова.
Команда пиратов 7 исследует остров...
Команда пиратов 7 закончила исследование острова.
Команда пиратов 5 исследует остров...
Команда пиратов 5 закончила исследование острова.
Команда пиратов 2 исследует остров...
Команда пиратов 2 закончила исследование острова.
Команда пиратов 6 исследует остров...
Команда пиратов 6 закончила исследование острова.
Команда пиратов 0 исследует клетку [0 0] (.) в течение 1 секунды
Команда пиратов 4 исследует остров...
Команда пиратов 4 закончила исследование острова.
Команда пиратов 8 исследует остров...
Команда пиратов 8 закончила исследование острова.
Команда пиратов 0 закончила исследование острова.
Сокровищ найдено: 0 шт.