Команды пиратов отправляются исследовать остров.
Команда пиратов 0 исследует остров...
Команда пиратов 1 исследует остров...
Команда пиратов 1 исследует клетку [0 1] (X) в течение 1 секунды
Команда пиратов 3 исследует остров...
Команда пиратов 3 исследует клетку [0 2] (.) в течение 1 секунды
Команда пиратов 5 исследует остров...
Команда пиратов 5 исследует клетку [1 0] (.) в течение 1 секунды
Команда пиратов 4 исследует остров...
Команда пиратов 4 исследует клетку [1 1] (X) в течение 1 секунды
Команда пиратов 2 исследует остров...
Команда пиратов 2 исследует клетку [1 2] (.) в течение 1 секунды
Команда пиратов 6 исследует остров...
Команда пиратов 6 исследует клетку [2 0] (.) в течение 1 секунды
Команда пиратов 7 исследует остров...
Команда пиратов 7 исследует клетку [2 1] (X) в течение 1 секунды
Команда пиратов 0 исследует клетку [0 0] (.) в течение 1 секунды
Команда пиратов 1 исследует клетку [2 2] (.) в течение 1 секунды
Команда пиратов 5 закончила исследование острова.
Команда пиратов 3 закончила исследование острова.
Команда пиратов 2 закончила исследование острова.
Команда пиратов 4 закончила исследование острова.
Команда пиратов 6 закончила исследование острова.
Команда пиратов 7 закончила исследование острова.
Команда пиратов 0 закончила исследование острова.
Команда пиратов 1 закончила исследование острова.
Сокровищ найдено: 3 шт.
Сокровище 1: (0, 1)
Сокровище 2: (1, 1)
Сокровище 3: (2, 1)